Using pre-set license
Built from '2020.3/staging' branch; Version is '2020.3.23f1 (c5d91304a876) revision 12966163'; Using compiler version '192528614'; Build Type 'Release'
OS: 'Windows 10 Home; OS build 19043.1415; Version 2009; 64bit' Language: 'en' Physical Memory: 16298 MB
BatchMode: 1, IsHumanControllingUs: 0, StartBugReporterOnCrash: 0, Is64bit: 1, IsPro: 0

COMMAND LINE ARGUMENTS:
C:\Program Files\Unity\Hub\Editor\2020.3.23f1\Editor\Unity.exe
-adb2
-batchMode
-noUpm
-name
AssetImportWorker0
-projectPath
G:/DDAITDProj/ITD_Asg2_Zavier
-logFile
Logs/AssetImportWorker0.log
-srvPort
1645
Successfully changed project path to: G:/DDAITDProj/ITD_Asg2_Zavier
G:/DDAITDProj/ITD_Asg2_Zavier
Using Asset Import Pipeline V2.
Refreshing native plugins compatible for Editor in 74.55 ms, found 10 plugins.
Preloading 0 native plugins for Editor in 0.00 ms.
Initialize engine version: 2020.3.23f1 (c5d91304a876)
[Subsystems] Discovering subsystems at path C:/Program Files/Unity/Hub/Editor/2020.3.23f1/Editor/Data/Resources/UnitySubsystems
[Subsystems] Discovering subsystems at path G:/DDAITDProj/ITD_Asg2_Zavier/Assets
GfxDevice: creating device client; threaded=0
Direct3D:
    Version:  Direct3D 11.0 [level 11.1]
    Renderer: NVIDIA GeForce GTX 1060 6GB (ID=0x1c03)
    Vendor:   
    VRAM:     6052 MB
    Driver:   27.21.14.5671
Initialize mono
Mono path[0] = 'C:/Program Files/Unity/Hub/Editor/2020.3.23f1/Editor/Data/Managed'
Mono path[1] = 'C:/Program Files/Unity/Hub/Editor/2020.3.23f1/Editor/Data/MonoBleedingEdge/lib/mono/unityjit'
Mono config path = 'C:/Program Files/Unity/Hub/Editor/2020.3.23f1/Editor/Data/MonoBleedingEdge/etc'
Using monoOptions --debugger-agent=transport=dt_socket,embedding=1,server=y,suspend=n,address=127.0.0.1:56104
Begin MonoManager ReloadAssembly
Registering precompiled unity dll's ...
Register platform support module: C:/Program Files/Unity/Hub/Editor/2020.3.23f1/Editor/Data/PlaybackEngines/WindowsStandaloneSupport/UnityEditor.WindowsStandalone.Extensions.dll
Registered in 0.002026 seconds.
Native extension for WindowsStandalone target not found
Refreshing native plugins compatible for Editor in 68.85 ms, found 10 plugins.
Preloading 0 native plugins for Editor in 0.00 ms.
Mono: successfully reloaded assembly
- Completed reload, in  0.628 seconds
Domain Reload Profiling:
	ReloadAssembly (628ms)
		BeginReloadAssembly (55ms)
			ExecutionOrderSort (0ms)
			DisableScriptedObjects (0ms)
			BackupInstance (0ms)
			ReleaseScriptingObjects (0ms)
			CreateAndSetChildDomain (1ms)
		EndReloadAssembly (498ms)
			LoadAssemblies (53ms)
			RebuildTransferFunctionScriptingTraits (0ms)
			SetupTypeCache (159ms)
			ReleaseScriptCaches (0ms)
			RebuildScriptCaches (31ms)
			SetupLoadedEditorAssemblies (201ms)
				LogAssemblyErrors (0ms)
				InitializePlatformSupportModulesInManaged (4ms)
				SetLoadedEditorAssemblies (0ms)
				RefreshPlugins (69ms)
				BeforeProcessingInitializeOnLoad (17ms)
				ProcessInitializeOnLoadAttributes (82ms)
				ProcessInitializeOnLoadMethodAttributes (29ms)
				AfterProcessingInitializeOnLoad (0ms)
				EditorAssembliesLoaded (0ms)
			ExecutionOrderSort2 (0ms)
			AwakeInstancesAfterBackupRestoration (0ms)
Platform modules already initialized, skipping
Registering precompiled user dll's ...
Registered in 0.007185 seconds.
Begin MonoManager ReloadAssembly
Native extension for WindowsStandalone target not found
Refreshing native plugins compatible for Editor in 68.96 ms, found 10 plugins.
Preloading 0 native plugins for Editor in 0.00 ms.
Mono: successfully reloaded assembly
- Completed reload, in  1.317 seconds
Domain Reload Profiling:
	ReloadAssembly (1318ms)
		BeginReloadAssembly (142ms)
			ExecutionOrderSort (0ms)
			DisableScriptedObjects (5ms)
			BackupInstance (0ms)
			ReleaseScriptingObjects (0ms)
			CreateAndSetChildDomain (18ms)
		EndReloadAssembly (1116ms)
			LoadAssemblies (99ms)
			RebuildTransferFunctionScriptingTraits (0ms)
			SetupTypeCache (369ms)
			ReleaseScriptCaches (1ms)
			RebuildScriptCaches (69ms)
			SetupLoadedEditorAssemblies (444ms)
				LogAssemblyErrors (0ms)
				InitializePlatformSupportModulesInManaged (3ms)
				SetLoadedEditorAssemblies (0ms)
				RefreshPlugins (69ms)
				BeforeProcessingInitializeOnLoad (109ms)
				ProcessInitializeOnLoadAttributes (244ms)
				ProcessInitializeOnLoadMethodAttributes (12ms)
				AfterProcessingInitializeOnLoad (7ms)
				EditorAssembliesLoaded (0ms)
			ExecutionOrderSort2 (0ms)
			AwakeInstancesAfterBackupRestoration (6ms)
Platform modules already initialized, skipping
========================================================================
Worker process is ready to serve import requests
Launched and connected shader compiler UnityShaderCompiler.exe after 0.13 seconds
Refreshing native plugins compatible for Editor in 0.85 ms, found 10 plugins.
Preloading 0 native plugins for Editor in 0.00 ms.
Unloading 3990 Unused Serialized files (Serialized files now loaded: 0)
System memory in use before: 167.5 MB.
System memory in use after: 167.7 MB.

Unloading 41 unused Assets to reduce memory usage. Loaded Objects now: 4407.
Total: 3.753000 ms (FindLiveObjects: 0.331700 ms CreateObjectMapping: 0.187100 ms MarkObjects: 3.143500 ms  DeleteObjects: 0.089600 ms)

AssetImportParameters requested are different than current active one (requested -> active):
  custom:framework-win-MediaFoundation: 216162199b28c13a410421893ffa2e32 -> 
  custom:video-decoder-ogg-theora: a1e56fd34408186e4bbccfd4996cb3dc -> 
  custom:container-muxer-webm: aa71ff27fc2769a1b78a27578f13a17b -> 
  custom:container-demuxer-webm: 4f35f7cbe854078d1ac9338744f61a02 -> 
  custom:container-demuxer-ogg: 62fdf1f143b41e24485cea50d1cbac27 -> 
  custom:video-encoder-webm-vp8: eb34c28f22e8b96e1ab97ce403110664 -> 
  custom:video-decoder-webm-vp8: 9c59270c3fd7afecdb556c50c9e8de78 -> 
  custom:audio-decoder-ogg-vorbis: bf7c407c2cedff20999df2af8eb42d56 -> 
  custom:audio-encoder-webm-vorbis: bf7c407c2cedff20999df2af8eb42d56 -> 
========================================================================
Received Import Request.
  path: Assets/ASG/Scripts/DialogueManager.cs
  artifactKey: Guid(314e82907f09d074f9e3edf284a447e4) Importer(815301076,1909f56bfc062723c751e8b465ee728b)
Start importing Assets/ASG/Scripts/DialogueManager.cs using Guid(314e82907f09d074f9e3edf284a447e4) Importer(815301076,1909f56bfc062723c751e8b465ee728b)  -> (artifact id: 'b3acbf30a834d2f5f092657ab524265b') in 0.025013 seconds 
  Import took 0.030550 seconds .

========================================================================
Received Import Request.
  Time since last request: 8.077060 seconds.
  path: Assets/ASG/Scripts/DialogueTrigger.cs
  artifactKey: Guid(a0262fadb6479614090c90d421e68713) Importer(815301076,1909f56bfc062723c751e8b465ee728b)
Start importing Assets/ASG/Scripts/DialogueTrigger.cs using Guid(a0262fadb6479614090c90d421e68713) Importer(815301076,1909f56bfc062723c751e8b465ee728b)  -> (artifact id: 'eee8a4943e817e8ffca0ec6a9efb8bad') in 0.006044 seconds 
  Import took 0.011653 seconds .

========================================================================
Received Import Request.
  Time since last request: 15.406103 seconds.
  path: Assets/ASG/Scripts/DialogueTrigger.cs
  artifactKey: Guid(a0262fadb6479614090c90d421e68713) Importer(815301076,1909f56bfc062723c751e8b465ee728b)
Start importing Assets/ASG/Scripts/DialogueTrigger.cs using Guid(a0262fadb6479614090c90d421e68713) Importer(815301076,1909f56bfc062723c751e8b465ee728b)  -> (artifact id: 'ad017312090645080bfc6a9f3b993295') in 0.007438 seconds 
  Import took 0.016253 seconds .

========================================================================
Received Prepare
Registering precompiled user dll's ...
Registered in 0.007507 seconds.
Begin MonoManager ReloadAssembly
Native extension for WindowsStandalone target not found
Refreshing native plugins compatible for Editor in 1.18 ms, found 10 plugins.
Preloading 0 native plugins for Editor in 0.00 ms.
Mono: successfully reloaded assembly
- Completed reload, in  1.240 seconds
Domain Reload Profiling:
	ReloadAssembly (1240ms)
		BeginReloadAssembly (129ms)
			ExecutionOrderSort (0ms)
			DisableScriptedObjects (5ms)
			BackupInstance (0ms)
			ReleaseScriptingObjects (0ms)
			CreateAndSetChildDomain (37ms)
		EndReloadAssembly (1049ms)
			LoadAssemblies (112ms)
			RebuildTransferFunctionScriptingTraits (0ms)
			SetupTypeCache (391ms)
			ReleaseScriptCaches (1ms)
			RebuildScriptCaches (45ms)
			SetupLoadedEditorAssemblies (369ms)
				LogAssemblyErrors (0ms)
				InitializePlatformSupportModulesInManaged (4ms)
				SetLoadedEditorAssemblies (1ms)
				RefreshPlugins (1ms)
				BeforeProcessingInitializeOnLoad (106ms)
				ProcessInitializeOnLoadAttributes (237ms)
				ProcessInitializeOnLoadMethodAttributes (12ms)
				AfterProcessingInitializeOnLoad (8ms)
				EditorAssembliesLoaded (0ms)
			ExecutionOrderSort2 (0ms)
			AwakeInstancesAfterBackupRestoration (10ms)
Platform modules already initialized, skipping
Refreshing native plugins compatible for Editor in 0.86 ms, found 10 plugins.
Preloading 0 native plugins for Editor in 0.00 ms.
Unloading 3854 Unused Serialized files (Serialized files now loaded: 0)
System memory in use before: 158.7 MB.
System memory in use after: 159.0 MB.

Unloading 34 unused Assets to reduce memory usage. Loaded Objects now: 4410.
Total: 3.809600 ms (FindLiveObjects: 0.523700 ms CreateObjectMapping: 0.212700 ms MarkObjects: 3.040600 ms  DeleteObjects: 0.032000 ms)

AssetImportParameters requested are different than current active one (requested -> active):
  custom:framework-win-MediaFoundation: 216162199b28c13a410421893ffa2e32 -> 
  custom:video-decoder-ogg-theora: a1e56fd34408186e4bbccfd4996cb3dc -> 
  custom:container-muxer-webm: aa71ff27fc2769a1b78a27578f13a17b -> 
  custom:container-demuxer-webm: 4f35f7cbe854078d1ac9338744f61a02 -> 
  custom:container-demuxer-ogg: 62fdf1f143b41e24485cea50d1cbac27 -> 
  custom:video-encoder-webm-vp8: eb34c28f22e8b96e1ab97ce403110664 -> 
  custom:video-decoder-webm-vp8: 9c59270c3fd7afecdb556c50c9e8de78 -> 
  custom:audio-decoder-ogg-vorbis: bf7c407c2cedff20999df2af8eb42d56 -> 
  custom:audio-encoder-webm-vorbis: bf7c407c2cedff20999df2af8eb42d56 -> 
========================================================================
Received Prepare
Registering precompiled user dll's ...
Registered in 0.006813 seconds.
Begin MonoManager ReloadAssembly
Native extension for WindowsStandalone target not found
Refreshing native plugins compatible for Editor in 0.92 ms, found 10 plugins.
Preloading 0 native plugins for Editor in 0.00 ms.
Mono: successfully reloaded assembly
- Completed reload, in  1.411 seconds
Domain Reload Profiling:
	ReloadAssembly (1411ms)
		BeginReloadAssembly (186ms)
			ExecutionOrderSort (0ms)
			DisableScriptedObjects (4ms)
			BackupInstance (0ms)
			ReleaseScriptingObjects (0ms)
			CreateAndSetChildDomain (91ms)
		EndReloadAssembly (1146ms)
			LoadAssemblies (102ms)
			RebuildTransferFunctionScriptingTraits (0ms)
			SetupTypeCache (524ms)
			ReleaseScriptCaches (1ms)
			RebuildScriptCaches (47ms)
			SetupLoadedEditorAssemblies (351ms)
				LogAssemblyErrors (0ms)
				InitializePlatformSupportModulesInManaged (4ms)
				SetLoadedEditorAssemblies (0ms)
				RefreshPlugins (1ms)
				BeforeProcessingInitializeOnLoad (98ms)
				ProcessInitializeOnLoadAttributes (229ms)
				ProcessInitializeOnLoadMethodAttributes (12ms)
				AfterProcessingInitializeOnLoad (7ms)
				EditorAssembliesLoaded (0ms)
			ExecutionOrderSort2 (0ms)
			AwakeInstancesAfterBackupRestoration (9ms)
Platform modules already initialized, skipping
Refreshing native plugins compatible for Editor in 0.89 ms, found 10 plugins.
Preloading 0 native plugins for Editor in 0.00 ms.
Unloading 3854 Unused Serialized files (Serialized files now loaded: 0)
System memory in use before: 158.8 MB.
System memory in use after: 159.0 MB.

Unloading 34 unused Assets to reduce memory usage. Loaded Objects now: 4413.
Total: 4.151200 ms (FindLiveObjects: 0.332300 ms CreateObjectMapping: 0.773000 ms MarkObjects: 3.010200 ms  DeleteObjects: 0.034800 ms)

AssetImportParameters requested are different than current active one (requested -> active):
  custom:framework-win-MediaFoundation: 216162199b28c13a410421893ffa2e32 -> 
  custom:video-decoder-ogg-theora: a1e56fd34408186e4bbccfd4996cb3dc -> 
  custom:container-muxer-webm: aa71ff27fc2769a1b78a27578f13a17b -> 
  custom:container-demuxer-webm: 4f35f7cbe854078d1ac9338744f61a02 -> 
  custom:container-demuxer-ogg: 62fdf1f143b41e24485cea50d1cbac27 -> 
  custom:video-encoder-webm-vp8: eb34c28f22e8b96e1ab97ce403110664 -> 
  custom:video-decoder-webm-vp8: 9c59270c3fd7afecdb556c50c9e8de78 -> 
  custom:audio-decoder-ogg-vorbis: bf7c407c2cedff20999df2af8eb42d56 -> 
  custom:audio-encoder-webm-vorbis: bf7c407c2cedff20999df2af8eb42d56 -> 
========================================================================
Received Import Request.
  Time since last request: 39.262494 seconds.
  path: Assets/ASG/Dialogue
  artifactKey: Guid(b645caa961318a54ca9dc70b9f0081a4) Importer(815301076,1909f56bfc062723c751e8b465ee728b)
Start importing Assets/ASG/Dialogue using Guid(b645caa961318a54ca9dc70b9f0081a4) Importer(815301076,1909f56bfc062723c751e8b465ee728b)  -> (artifact id: 'ac8bc4ee1c7bde9b2505a71a674ead6e') in 0.005404 seconds 
  Import took 0.011288 seconds .

========================================================================
Received Import Request.
  Time since last request: 22.426098 seconds.
  path: Assets/ASG/Dialogue/test1.json
  artifactKey: Guid(237427f9232bb2046bebaf4d68290b8f) Importer(815301076,1909f56bfc062723c751e8b465ee728b)
Start importing Assets/ASG/Dialogue/test1.json using Guid(237427f9232bb2046bebaf4d68290b8f) Importer(815301076,1909f56bfc062723c751e8b465ee728b)  -> (artifact id: '4dbd69b6204d9ac58356f27349bb563e') in 0.025369 seconds 
  Import took 0.030922 seconds .

========================================================================
Received Import Request.
  Time since last request: 50.374420 seconds.
  path: Assets/ASG
  artifactKey: Guid(42f1fb26a54c5d647b344a2bba5060c7) Importer(815301076,1909f56bfc062723c751e8b465ee728b)
Start importing Assets/ASG using Guid(42f1fb26a54c5d647b344a2bba5060c7) Importer(815301076,1909f56bfc062723c751e8b465ee728b)  -> (artifact id: '0cf19d1511e4c39b1f9788e3383c81b5') in 0.007227 seconds 
  Import took 0.012641 seconds .

========================================================================
Received Prepare
Registering precompiled user dll's ...
Registered in 0.006330 seconds.
Begin MonoManager ReloadAssembly
Native extension for WindowsStandalone target not found
Refreshing native plugins compatible for Editor in 0.87 ms, found 10 plugins.
Preloading 0 native plugins for Editor in 0.00 ms.
Mono: successfully reloaded assembly
- Completed reload, in  1.118 seconds
Domain Reload Profiling:
	ReloadAssembly (1119ms)
		BeginReloadAssembly (111ms)
			ExecutionOrderSort (0ms)
			DisableScriptedObjects (4ms)
			BackupInstance (0ms)
			ReleaseScriptingObjects (0ms)
			CreateAndSetChildDomain (35ms)
		EndReloadAssembly (942ms)
			LoadAssemblies (97ms)
			RebuildTransferFunctionScriptingTraits (0ms)
			SetupTypeCache (337ms)
			ReleaseScriptCaches (1ms)
			RebuildScriptCaches (42ms)
			SetupLoadedEditorAssemblies (353ms)
				LogAssemblyErrors (0ms)
				InitializePlatformSupportModulesInManaged (4ms)
				SetLoadedEditorAssemblies (0ms)
				RefreshPlugins (1ms)
				BeforeProcessingInitializeOnLoad (96ms)
				ProcessInitializeOnLoadAttributes (234ms)
				ProcessInitializeOnLoadMethodAttributes (12ms)
				AfterProcessingInitializeOnLoad (6ms)
				EditorAssembliesLoaded (0ms)
			ExecutionOrderSort2 (0ms)
			AwakeInstancesAfterBackupRestoration (9ms)
Platform modules already initialized, skipping
Refreshing native plugins compatible for Editor in 0.86 ms, found 10 plugins.
Preloading 0 native plugins for Editor in 0.00 ms.
Unloading 3854 Unused Serialized files (Serialized files now loaded: 0)
System memory in use before: 158.8 MB.
System memory in use after: 159.1 MB.

Unloading 34 unused Assets to reduce memory usage. Loaded Objects now: 4416.
Total: 3.560800 ms (FindLiveObjects: 0.330900 ms CreateObjectMapping: 0.193500 ms MarkObjects: 3.005600 ms  DeleteObjects: 0.030100 ms)

AssetImportParameters requested are different than current active one (requested -> active):
  custom:framework-win-MediaFoundation: 216162199b28c13a410421893ffa2e32 -> 
  custom:video-decoder-ogg-theora: a1e56fd34408186e4bbccfd4996cb3dc -> 
  custom:container-muxer-webm: aa71ff27fc2769a1b78a27578f13a17b -> 
  custom:container-demuxer-webm: 4f35f7cbe854078d1ac9338744f61a02 -> 
  custom:container-demuxer-ogg: 62fdf1f143b41e24485cea50d1cbac27 -> 
  custom:video-encoder-webm-vp8: eb34c28f22e8b96e1ab97ce403110664 -> 
  custom:video-decoder-webm-vp8: 9c59270c3fd7afecdb556c50c9e8de78 -> 
  custom:audio-decoder-ogg-vorbis: bf7c407c2cedff20999df2af8eb42d56 -> 
  custom:audio-encoder-webm-vorbis: bf7c407c2cedff20999df2af8eb42d56 -> 
========================================================================
Received Import Request.
  Time since last request: 6.081590 seconds.
  path: Assets/ASG/GAME
  artifactKey: Guid(a26fb8528ffc86f48aba269b37f5ae75) Importer(815301076,1909f56bfc062723c751e8b465ee728b)
Start importing Assets/ASG/GAME using Guid(a26fb8528ffc86f48aba269b37f5ae75) Importer(815301076,1909f56bfc062723c751e8b465ee728b)  -> (artifact id: 'a6525d371f338068dc1ded0a64d98849') in 0.008547 seconds 
  Import took 0.014014 seconds .

========================================================================
Received Import Request.
  Time since last request: 3.773636 seconds.
  path: Assets/ASG/GAME Scenes
  artifactKey: Guid(a26fb8528ffc86f48aba269b37f5ae75) Importer(815301076,1909f56bfc062723c751e8b465ee728b)
Start importing Assets/ASG/GAME Scenes using Guid(a26fb8528ffc86f48aba269b37f5ae75) Importer(815301076,1909f56bfc062723c751e8b465ee728b)  -> (artifact id: 'b23eb90a2be5846d5ca35313a5f04898') in 0.006464 seconds 
  Import took 0.012963 seconds .

========================================================================
Received Import Request.
  Time since last request: 7.913835 seconds.
  path: Assets/ASG/GAME Scenes/HubWorld.unity
  artifactKey: Guid(185e7b2ec70e4324184323f3fe16dcaa) Importer(815301076,1909f56bfc062723c751e8b465ee728b)
Start importing Assets/ASG/GAME Scenes/HubWorld.unity using Guid(185e7b2ec70e4324184323f3fe16dcaa) Importer(815301076,1909f56bfc062723c751e8b465ee728b)  -> (artifact id: 'aa5381dc66b947d33c120ecd653c0148') in 0.018515 seconds 
  Import took 0.024064 seconds .

========================================================================
Received Import Request.
  Time since last request: 11.993765 seconds.
  path: Assets/ASG/GAME Scenes/Auth.unity
  artifactKey: Guid(32f5675c8f1becf4cb656d0f68a1a4ac) Importer(815301076,1909f56bfc062723c751e8b465ee728b)
Start importing Assets/ASG/GAME Scenes/Auth.unity using Guid(32f5675c8f1becf4cb656d0f68a1a4ac) Importer(815301076,1909f56bfc062723c751e8b465ee728b)  -> (artifact id: '17c7fd770824c5ba518ba0f309165327') in 0.007996 seconds 
  Import took 0.014210 seconds .

========================================================================
Received Import Request.
  Time since last request: 8.299026 seconds.
  path: Assets/ASG/GAME Scenes/Anthill.unity
  artifactKey: Guid(036db25b2d854574bbdf6ad9bc88efea) Importer(815301076,1909f56bfc062723c751e8b465ee728b)
Start importing Assets/ASG/GAME Scenes/Anthill.unity using Guid(036db25b2d854574bbdf6ad9bc88efea) Importer(815301076,1909f56bfc062723c751e8b465ee728b)  -> (artifact id: 'e45de65caf9998e0ba1ec2927828a44a') in 0.006001 seconds 
  Import took 0.011766 seconds .

AssetImportWorkerClient::OnTransportError - code=2 error=End of file
